<?xml version="1.0" encoding="UTF-8"?>
<!-- Generated by org.testng.reporters.JUnitXMLReporter -->
<testsuite ignored="0" hostname="DESKTOP-DSKH4QA" failures="1" tests="5" name="TC_003_LoginDDT" time="74.861" errors="0" timestamp="2023-03-27T13:20:32 IST">
  <testcase classname="testCases.TC_003_LoginDDT" name="loginTest" time="12.515"/>
  <testcase classname="testCases.TC_003_LoginDDT" name="loginTest" time="12.829"/>
  <testcase classname="testCases.TC_003_LoginDDT" name="loginTest" time="12.499"/>
  <testcase classname="testCases.TC_003_LoginDDT" name="loginTest" time="11.838"/>
  <testcase classname="testCases.TC_003_LoginDDT" name="loginTest" time="11.918">
    <failure type="java.lang.AssertionError" message="expected [true] but found [false]">
      <![CDATA[java.lang.AssertionError: expected [true] but found [false]
at testCases.TC_003_LoginDDT.loginTest(TC_003_LoginDDT.java:39)
at java.base/java.util.ArrayList.forEach(ArrayList.java:1511)
... Removed 31 stack frames]]>
    </failure>
  </testcase> <!-- loginTest -->
</testsuite> <!-- TC_003_LoginDDT -->
